<?xml version="1.0" encoding="UTF-8"?>
<!-- Generated by org.testng.reporters.JUnitXMLReporter -->
<testsuite hostname="Abhishek" ignored="0" name="Test" tests="4" failures="0" timestamp="06 Jul 2019 18:17:41 GMT" time="84.939" errors="0">
  <testcase name="createCustomer" time="10.134" classname="scripts.TaskTest"/>
  <testcase name="createProject" time="10.396" classname="scripts.TaskTest"/>
  <testcase name="deleteProject" time="27.475" classname="scripts.TaskTest"/>
  <testcase name="deleteCustomer" time="6.895" classname="scripts.TaskTest"/>
</testsuite> <!-- Test -->
